<?xml version="1.0" encoding="utf-8"?><testsuites name="pytest tests"><testsuite name="pytest" errors="0" failures="0" skipped="0" tests="34" time="8.915" timestamp="2026-06-03T07:09:13.657652+00:00" hostname="agent-env-a27ca720-7961-4a63-9eb2-d2ef6f7f3a21"><testcase classname="backend.tests.backend_test.TestAuth" name="test_register_endpoint_removed" time="0.240" /><testcase classname="backend.tests.backend_test.TestAuth" name="test_login_admin" time="0.390" /><testcase classname="backend.tests.backend_test.TestAuth" name="test_login_personnel" time="0.658" /><testcase classname="backend.tests.backend_test.TestAuth" name="test_login_wrong_password" time="0.330" /><testcase classname="backend.tests.backend_test.TestAuth" name="test_brute_force_lockout" time="1.810" /><testcase classname="backend.tests.backend_test.TestUsers" name="test_personnel_cannot_list_users" time="0.045" /><testcase classname="backend.tests.backend_test.TestUsers" name="test_personnel_cannot_create_user" time="0.045" /><testcase classname="backend.tests.backend_test.TestUsers" name="test_admin_list_users" time="0.052" /><testcase classname="backend.tests.backend_test.TestUsers" name="test_create_user_default_role_personnel" time="0.350" /><testcase classname="backend.tests.backend_test.TestUsers" name="test_create_user_admin_role" time="0.316" /><testcase classname="backend.tests.backend_test.TestUsers" name="test_create_user_duplicate" time="0.368" /><testcase classname="backend.tests.backend_test.TestUsers" name="test_create_user_invalid_role" time="0.047" /><testcase classname="backend.tests.backend_test.TestUsers" name="test_create_user_short_password" time="0.046" /><testcase classname="backend.tests.backend_test.TestUsers" name="test_update_user" time="0.939" /><testcase classname="backend.tests.backend_test.TestUsers" name="test_cannot_demote_only_admin" time="0.094" /><testcase classname="backend.tests.backend_test.TestUsers" name="test_cannot_delete_self" time="0.095" /><testcase classname="backend.tests.backend_test.TestProducts" name="test_personnel_can_list_products" time="0.046" /><testcase classname="backend.tests.backend_test.TestProducts" name="test_personnel_cannot_create_product" time="0.046" /><testcase classname="backend.tests.backend_test.TestProducts" name="test_personnel_cannot_update_or_delete" time="0.187" /><testcase classname="backend.tests.backend_test.TestProducts" name="test_admin_crud_product" time="0.138" /><testcase classname="backend.tests.backend_test.TestTransactions" name="test_personnel_can_buy_and_stock_increments" time="0.183" /><testcase classname="backend.tests.backend_test.TestTransactions" name="test_sell_decrements_stock" time="0.228" /><testcase classname="backend.tests.backend_test.TestTransactions" name="test_sell_more_than_stock_fails" time="0.237" /><testcase classname="backend.tests.backend_test.TestTransactions" name="test_list_transactions_and_filters" time="0.315" /><testcase classname="backend.tests.backend_test.TestTransactions" name="test_invalid_type_rejected" time="0.148" /><testcase classname="backend.tests.backend_test.TestBulkTransactions" name="test_bulk_buy_creates_n_transactions_and_updates_stock" time="0.284" /><testcase classname="backend.tests.backend_test.TestBulkTransactions" name="test_bulk_sell_atomic_validation_no_partial_changes" time="0.314" /><testcase classname="backend.tests.backend_test.TestBulkTransactions" name="test_bulk_duplicate_product_rejected" time="0.193" /><testcase classname="backend.tests.backend_test.TestBulkTransactions" name="test_bulk_invalid_type_rejected" time="0.138" /><testcase classname="backend.tests.backend_test.TestBulkTransactions" name="test_bulk_empty_items_rejected" time="0.044" /><testcase classname="backend.tests.backend_test.TestBulkTransactions" name="test_bulk_invalid_product_id_rejected" time="0.045" /><testcase classname="backend.tests.backend_test.TestBulkTransactions" name="test_bulk_nonexistent_product_id_404" time="0.045" /><testcase classname="backend.tests.backend_test.TestBulkTransactions" name="test_bulk_works_for_admin" time="0.139" /><testcase classname="backend.tests.backend_test.TestBulkTransactions" name="test_single_transaction_endpoint_still_works" time="0.247" /></testsuite></testsuites>